Authorized using stored user info.
stderr: 'rm' is not recognized as an internal or external command,
operable program or batch file.

Exporting assets from Unity..........

[ Stage1 ] Assets exported from Unity and staged for further processing
Using D:/Backups/unity-chain-cube/Assets/TextMesh Pro/Fonts/FjallaOne-Regular.ttf file to generate an atlas for FjallaOne-Regular[23330] font
  Using alphabet  §1234567890-=qwertyuiop[]asdfghjkl;'\`zxcvbnm,./±!@#$%^&*()_+QWERTYUIOP{}ASDFGHJKL:"|~ZXCVBNM<>?
Using D:/Backups/unity-chain-cube/Assets/TextMesh Pro/Fonts/LiberationSans.ttf file to generate an atlas for LiberationSans[23376] font
  Using alphabet  §1234567890-=qwertyuiop[]asdfghjkl;'\`zxcvbnm,./±!@#$%^&*()_+QWERTYUIOP{}ASDFGHJKL:"|~ZXCVBNM<>?
Combined 97 glyphs into bitmap texture at D:/Backups/unity-chain-cube/LunaTemp/stage1/tmp/fonts/LiberationSans-23376/output_0.png (56kb)
Combined 97 glyphs into bitmap texture at D:/Backups/unity-chain-cube/LunaTemp/stage1/tmp/fonts/FjallaOne-Regular-23330/output_0.png (53kb)
Found custom rules for texture Assets/TextMesh Pro/Fonts/FjallaOne-Regular SDF.asset
  {"maxWidth":512,"maxHeight":512,"format":"png32","compression":"none","quality":65,"script":"","ext":"","name":"Assets/TextMesh Pro/Fonts/FjallaOne-Regular SDF.asset","isOverride":true}
Found custom rules for texture Assets/TextMesh Pro/Resources/Fonts & Materials/LiberationSans SDF - Fallback.asset
  {"maxWidth":512,"maxHeight":512,"format":"png32","compression":"none","quality":65,"script":"","ext":"","name":"Assets/TextMesh Pro/Resources/Fonts & Materials/LiberationSans SDF - Fallback.asset","isOverride":true}
Found custom rules for texture Assets/TextMesh Pro/Resources/Fonts & Materials/LiberationSans SDF.asset
  {"maxWidth":512,"maxHeight":512,"format":"png32","compression":"none","quality":65,"script":"","ext":"","name":"Assets/TextMesh Pro/Resources/Fonts & Materials/LiberationSans SDF.asset","isOverride":true}
Resources:
{}
[ Stage2 ] Assets postprocessed and bundled successfully
Authorized using stored user info.
Microsoft (R) Build Engine version 16.11.2+f32259642 for .NET Framework
Copyright (C) Microsoft Corporation. All rights reserved.


Build started 28/11/2023 9:30:13 am.

Project "C:\Users\Play Spare\Downloads\pipeline\templates\LunaCompiler\Scripts\Scripts.csproj" on node 1 (Rebuild target(s)).

CoreClean:
  Deleting file "C:\Users\Play Spare\Downloads\pipeline\templates\LunaCompiler\Scripts\bin\Debug\UnityScriptsCompiler.dll".

  Deleting file "C:\Users\Play Spare\Downloads\pipeline\templates\LunaCompiler\Scripts\bin\Debug\UnityScriptsCompiler.pdb".

  Deleting file "C:\Users\Play Spare\Downloads\pipeline\templates\LunaCompiler\Scripts\bin\Debug\Bridge.dll".

  Deleting file "C:\Users\Play Spare\Downloads\pipeline\templates\LunaCompiler\Scripts\bin\Debug\Bridge.Html5.dll".

  Deleting file "C:\Users\Play Spare\Downloads\pipeline\templates\LunaCompiler\Scripts\bin\Debug\Bridge.WebGL.dll".

  Deleting file "C:\Users\Play Spare\Downloads\pipeline\templates\LunaCompiler\Scripts\bin\Debug\DOTween.dll".

  Deleting file "C:\Users\Play Spare\Downloads\pipeline\templates\LunaCompiler\Scripts\bin\Debug\JetBrains.dll".

  Deleting file "C:\Users\Play Spare\Downloads\pipeline\templates\LunaCompiler\Scripts\bin\Debug\Newtonsoft.Json.dll".

  Deleting file "C:\Users\Play Spare\Downloads\pipeline\templates\LunaCompiler\Scripts\bin\Debug\Retyped.Core.dll".

  Deleting file "C:\Users\Play Spare\Downloads\pipeline\templates\LunaCompiler\Scripts\bin\Debug\Retyped.dom.dll".

  Deleting file "C:\Users\Play Spare\Downloads\pipeline\templates\LunaCompiler\Scripts\bin\Debug\Retyped.es5.dll".

  Deleting file "C:\Users\Play Spare\Downloads\pipeline\templates\LunaCompiler\Scripts\bin\Debug\Retyped.scripthost.dll".

  Deleting file "C:\Users\Play Spare\Downloads\pipeline\templates\LunaCompiler\Scripts\bin\Debug\TextMeshPro.dll".

  Deleting file "C:\Users\Play Spare\Downloads\pipeline\templates\LunaCompiler\Scripts\bin\Debug\UnityEngine.dll".

  Deleting file "C:\Users\Play Spare\Downloads\pipeline\templates\LunaCompiler\Scripts\bin\Debug\UnityEngine.UI.dll".

  Deleting file "C:\Users\Play Spare\Downloads\pipeline\templates\LunaCompiler\Scripts\bin\Debug\UnityEngine.UniversalRenderPipeline.dll".

  Deleting file "C:\Users\Play Spare\Downloads\pipeline\templates\LunaCompiler\Scripts\bin\Debug\Bridge.xml".

  Deleting file "C:\Users\Play Spare\Downloads\pipeline\templates\LunaCompiler\Scripts\bin\Debug\Bridge.Html5.xml".

  Deleting file "C:\Users\Play Spare\Downloads\pipeline\templates\LunaCompiler\Scripts\bin\Debug\Bridge.WebGL.xml".

  Deleting file "C:\Users\Play Spare\Downloads\pipeline\templates\LunaCompiler\Scripts\bin\Debug\Newtonsoft.Json.xml".

  Deleting file "C:\Users\Play Spare\Downloads\pipeline\templates\LunaCompiler\Scripts\bin\Debug\Retyped.Core.xml".

  Deleting file "C:\Users\Play Spare\Downloads\pipeline\templates\LunaCompiler\Scripts\bin\Debug\Retyped.dom.xml".

  Deleting file "C:\Users\Play Spare\Downloads\pipeline\templates\LunaCompiler\Scripts\bin\Debug\Retyped.es5.xml".

  Deleting file "C:\Users\Play Spare\Downloads\pipeline\templates\LunaCompiler\Scripts\bin\Debug\Retyped.scripthost.xml".

  Deleting file "C:\Users\Play Spare\Downloads\pipeline\templates\LunaCompiler\Scripts\obj\Debug\Scripts.csproj.AssemblyReference.cache".

  Deleting file "C:\Users\Play Spare\Downloads\pipeline\templates\LunaCompiler\Scripts\obj\Debug\Scripts.csproj.CoreCompileInputs.cache".

  Deleting file "C:\Users\Play Spare\Downloads\pipeline\templates\LunaCompiler\Scripts\obj\Debug\Scripts.csproj.CopyComplete".

  Deleting file "C:\Users\Play Spare\Downloads\pipeline\templates\LunaCompiler\Scripts\obj\Debug\UnityScriptsCompiler.dll".

  Deleting file "C:\Users\Play Spare\Downloads\pipeline\templates\LunaCompiler\Scripts\obj\Debug\UnityScriptsCompiler.pdb".

GenerateTargetFrameworkMonikerAttribute:
Skipping target "GenerateTargetFrameworkMonikerAttribute" because all output files are up-to-date with respect to the input files.

CoreCompile:

  C:\Program Files (x86)\Microsoft Visual Studio\2019\Community\MSBuild\Current\Bin\Roslyn\csc.exe /noconfig /nowarn:CS0626,1701,1702 /fullpaths /nostdlib+ /errorreport:prompt /warn:4 /define:UNITY_LUNA;CSHARP_7_OR_LATER;CSHARP_7_3_OR_NEWER;UNITY_5_3_OR_NEWER;UNITY_5_4_OR_NEWER;UNITY_5_5_OR_NEWER;UNITY_2021;UNITY_2017_1_OR_NEWER;UNITY_2017_2_OR_NEWER;UNITY_2017_3_OR_NEWER;UNITY_2017_4_OR_NEWER;UNITY_2018_1_OR_NEWER;UNITY_2018_2_OR_NEWER;UNITY_2018_3_OR_NEWER;UNITY_2018_4_OR_NEWER;UNITY_2019_1_OR_NEWER;UNITY_2019_2_OR_NEWER;UNITY_2019_3_OR_NEWER;UNITY_2019_4_OR_NEWER;UNITY_2020_1_OR_NEWER;UNITY_2020_2_OR_NEWER;UNITY_2020_3_OR_NEWER;UNITY_2021_1_OR_NEWER;UNITY_2021_2_OR_NEWER;UNITY_2021_3_OR_NEWER;UNITY_2021_3;UNITY_2021_3_15 /highentropyva+ /reference:"C:\Users\Play Spare\Downloads\pipeline\templates\LunaCompiler\packages\Bridge.Core.17.9.40-luna\lib\net40\Bridge.dll" /reference:"C:\Users\Play Spare\Downloads\pipeline\templates\LunaCompiler\packages\Bridge.Html5.17.9.0\lib\net40\Bridge.Html5.dll" /reference:"C:\Users\Play Spare\Downloads\pipeline\templates\LunaCompiler\packages\Bridge.WebGL.1.22.0\lib\net40\Bridge.WebGL.dll" /reference:"C:\Users\Play Spare\Downloads\pipeline\templates\LunaCompiler\packages\DOTween.1.2.705\lib\net40\DOTween.dll" /reference:"C:\Users\Play Spare\Downloads\pipeline\templates\LunaCompiler\packages\com.unity.ide.rider\3.0.0\JetBrains.dll" /reference:"C:\Users\Play Spare\Downloads\pipeline\templates\LunaCompiler\packages\Bridge.Newtonsoft.Json.1.16.0\lib\net40\Newtonsoft.Json.dll" /reference:"C:\Users\Play Spare\Downloads\pipeline\templates\LunaCompiler\packages\Retyped.Core.1.6.6733\lib\net40\Retyped.Core.dll" /reference:"C:\Users\Play Spare\Downloads\pipeline\templates\LunaCompiler\packages\Retyped.dom.2.8.6733\lib\net40\Retyped.dom.dll" /reference:"C:\Users\Play Spare\Downloads\pipeline\templates\LunaCompiler\packages\Retyped.es5.2.8.6733\lib\net40\Retyped.es5.dll" /reference:"C:\Users\Play Spare\Downloads\pipeline\templates\LunaCompiler\packages\Retyped.scripthost.2.8.6733\lib\net40\Retyped.scripthost.dll" /reference:"C:\Users\Play Spare\Downloads\pipeline\templates\LunaCompiler\packages\com.unity.textmeshpro\3.0.6\TextMeshPro.dll" /reference:"C:\Users\Play Spare\Downloads\pipeline\templates\LunaCompiler\Scripts\Vendor\UnityEngine.dll" /reference:"C:\Users\Play Spare\Downloads\pipeline\templates\LunaCompiler\packages\com.unity.ui\1.2.1\UnityEngine.UI.dll" /reference:"C:\Users\Play Spare\Downloads\pipeline\templates\LunaCompiler\packages\com.unity.urp\7.6\UnityEngine.UniversalRenderPipeline.dll" /debug+ /debug:full /optimize- /out:obj\Debug\UnityScriptsCompiler.dll /subsystemversion:6.00 /target:library /warnaserror- /utf8output /langversion:7.2 D:\Backups\unity-chain-cube\Assets\_Code\Controller\CubeHandler.cs D:\Backups\unity-chain-cube\Assets\_Code\GameManager.cs D:\Backups\unity-chain-cube\Assets\_Code\Manager\CubeProperty.cs D:\Backups\unity-chain-cube\Assets\_Code\Manager\CubePropertyManager.cs D:\Backups\unity-chain-cube\Assets\_Code\Manager\EndLine.cs D:\Backups\unity-chain-cube\Assets\_Code\Manager\LineRendererfollow.cs D:\Backups\unity-chain-cube\Assets\_Code\Manager\playableScript\CubePropertyhandler.cs D:\Backups\unity-chain-cube\Assets\_Code\Manager\playableScript\PlayableManager.cs D:\Backups\unity-chain-cube\Assets\_Code\Manager\UIManager.cs Properties/AssemblyInfo.cs Sources/OtherDummyScript.cs "obj\Debug\.NETFramework,Version=v4.7.AssemblyAttributes.cs"

D:\Backups\unity-chain-cube\Assets\_Code\Manager\playableScript\CubePropertyhandler.cs(20,21): warning CS0649: Field 'CubePropertyhandler.cubeColor' is never assigned to, and will always have its default value null [C:\Users\Play Spare\Downloads\pipeline\templates\LunaCompiler\Scripts\Scripts.csproj]

D:\Backups\unity-chain-cube\Assets\_Code\Manager\CubeProperty.cs(19,21): warning CS0649: Field 'CubeProperty.cubeColor' is never assigned to, and will always have its default value null [C:\Users\Play Spare\Downloads\pipeline\templates\LunaCompiler\Scripts\Scripts.csproj]
D:\Backups\unity-chain-cube\Assets\_Code\Manager\CubeProperty.cs(11,17): warning CS0649: Field 'CubeProperty.numLimit' is never assigned to, and will always have its default value 0 [C:\Users\Play Spare\Downloads\pipeline\templates\LunaCompiler\Scripts\Scripts.csproj]

D:\Backups\unity-chain-cube\Assets\_Code\Manager\playableScript\PlayableManager.cs(17,35): warning CS0649: Field 'PlayableManager.startTitleText' is never assigned to, and will always have its default value null [C:\Users\Play Spare\Downloads\pipeline\templates\LunaCompiler\Scripts\Scripts.csproj]

D:\Backups\unity-chain-cube\Assets\_Code\Manager\playableScript\CubePropertyhandler.cs(15,31): warning CS0649: Field 'CubePropertyhandler.cubeText' is never assigned to, and will always have its default value null [C:\Users\Play Spare\Downloads\pipeline\templates\LunaCompiler\Scripts\Scripts.csproj]

D:\Backups\unity-chain-cube\Assets\_Code\Controller\CubeHandler.cs(9,24): warning CS0649: Field 'CubeHandler.cube' is never assigned to, and will always have its default value null [C:\Users\Play Spare\Downloads\pipeline\templates\LunaCompiler\Scripts\Scripts.csproj]
D:\Backups\unity-chain-cube\Assets\_Code\Manager\playableScript\PlayableManager.cs(20,35): warning CS0169: The field 'PlayableManager.installButtonText' is never used [C:\Users\Play Spare\Downloads\pipeline\templates\LunaCompiler\Scripts\Scripts.csproj]

D:\Backups\unity-chain-cube\Assets\_Code\Controller\CubeHandler.cs(12,23): warning CS0649: Field 'CubeHandler.spawnPosition' is never assigned to, and will always have its default value null [C:\Users\Play Spare\Downloads\pipeline\templates\LunaCompiler\Scripts\Scripts.csproj]

D:\Backups\unity-chain-cube\Assets\_Code\Manager\playableScript\PlayableManager.cs(12,41): warning CS0649: Field 'PlayableManager.startPanel' is never assigned to, and will always have its default value null [C:\Users\Play Spare\Downloads\pipeline\templates\LunaCompiler\Scripts\Scripts.csproj]

D:\Backups\unity-chain-cube\Assets\_Code\Manager\playableScript\PlayableManager.cs(13,41): warning CS0649: Field 'PlayableManager.endPanel' is never assigned to, and will always have its default value null [C:\Users\Play Spare\Downloads\pipeline\templates\LunaCompiler\Scripts\Scripts.csproj]

D:\Backups\unity-chain-cube\Assets\_Code\Manager\CubeProperty.cs(14,31): warning CS0649: Field 'CubeProperty.cubeText' is never assigned to, and will always have its default value null [C:\Users\Play Spare\Downloads\pipeline\templates\LunaCompiler\Scripts\Scripts.csproj]
D:\Backups\unity-chain-cube\Assets\_Code\Manager\playableScript\PlayableManager.cs(18,35): warning CS0649: Field 'PlayableManager.endTitleText' is never assigned to, and will always have its default value null [C:\Users\Play Spare\Downloads\pipeline\templates\LunaCompiler\Scripts\Scripts.csproj]

D:\Backups\unity-chain-cube\Assets\_Code\Manager\playableScript\PlayableManager.cs(19,37): warning CS0169: The field 'PlayableManager.installButton' is never used [C:\Users\Play Spare\Downloads\pipeline\templates\LunaCompiler\Scripts\Scripts.csproj]

D:\Backups\unity-chain-cube\Assets\_Code\Manager\playableScript\CubePropertyhandler.cs(12,17): warning CS0649: Field 'CubePropertyhandler.numLimit' is never assigned to, and will always have its default value 0 [C:\Users\Play Spare\Downloads\pipeline\templates\LunaCompiler\Scripts\Scripts.csproj]

  CompilerServer: server - server processed compilation - 146c2a2d-a790-4054-a36a-2fa2bf00178e

_CopyFilesMarkedCopyLocal:
  Copying file from "C:\Users\Play Spare\Downloads\pipeline\templates\LunaCompiler\packages\com.unity.ide.rider\3.0.0\JetBrains.dll" to "C:\Users\Play Spare\Downloads\pipeline\templates\LunaCompiler\Scripts\bin\Debug\JetBrains.dll".

  Copying file from "C:\Users\Play Spare\Downloads\pipeline\templates\LunaCompiler\packages\Bridge.Newtonsoft.Json.1.16.0\lib\net40\Newtonsoft.Json.dll" to "C:\Users\Play Spare\Downloads\pipeline\templates\LunaCompiler\Scripts\bin\Debug\Newtonsoft.Json.dll".
  Copying file from "C:\Users\Play Spare\Downloads\pipeline\templates\LunaCompiler\packages\Bridge.Core.17.9.40-luna\lib\net40\Bridge.dll" to "C:\Users\Play Spare\Downloads\pipeline\templates\LunaCompiler\Scripts\bin\Debug\Bridge.dll".

  Copying file from "C:\Users\Play Spare\Downloads\pipeline\templates\LunaCompiler\packages\Bridge.WebGL.1.22.0\lib\net40\Bridge.WebGL.dll" to "C:\Users\Play Spare\Downloads\pipeline\templates\LunaCompiler\Scripts\bin\Debug\Bridge.WebGL.dll".

  Copying file from "C:\Users\Play Spare\Downloads\pipeline\templates\LunaCompiler\packages\Bridge.Html5.17.9.0\lib\net40\Bridge.Html5.dll" to "C:\Users\Play Spare\Downloads\pipeline\templates\LunaCompiler\Scripts\bin\Debug\Bridge.Html5.dll".

  Copying file from "C:\Users\Play Spare\Downloads\pipeline\templates\LunaCompiler\packages\Retyped.Core.1.6.6733\lib\net40\Retyped.Core.dll" to "C:\Users\Play Spare\Downloads\pipeline\templates\LunaCompiler\Scripts\bin\Debug\Retyped.Core.dll".

  Copying file from "C:\Users\Play Spare\Downloads\pipeline\templates\LunaCompiler\packages\Retyped.dom.2.8.6733\lib\net40\Retyped.dom.dll" to "C:\Users\Play Spare\Downloads\pipeline\templates\LunaCompiler\Scripts\bin\Debug\Retyped.dom.dll".

  Copying file from "C:\Users\Play Spare\Downloads\pipeline\templates\LunaCompiler\packages\Retyped.es5.2.8.6733\lib\net40\Retyped.es5.dll" to "C:\Users\Play Spare\Downloads\pipeline\templates\LunaCompiler\Scripts\bin\Debug\Retyped.es5.dll".

  Copying file from "C:\Users\Play Spare\Downloads\pipeline\templates\LunaCompiler\packages\Retyped.scripthost.2.8.6733\lib\net40\Retyped.scripthost.dll" to "C:\Users\Play Spare\Downloads\pipeline\templates\LunaCompiler\Scripts\bin\Debug\Retyped.scripthost.dll".

  Copying file from "C:\Users\Play Spare\Downloads\pipeline\templates\LunaCompiler\packages\DOTween.1.2.705\lib\net40\DOTween.dll" to "C:\Users\Play Spare\Downloads\pipeline\templates\LunaCompiler\Scripts\bin\Debug\DOTween.dll".

  Copying file from "C:\Users\Play Spare\Downloads\pipeline\templates\LunaCompiler\packages\com.unity.textmeshpro\3.0.6\TextMeshPro.dll" to "C:\Users\Play Spare\Downloads\pipeline\templates\LunaCompiler\Scripts\bin\Debug\TextMeshPro.dll".

  Copying file from "C:\Users\Play Spare\Downloads\pipeline\templates\LunaCompiler\Scripts\Vendor\UnityEngine.dll" to "C:\Users\Play Spare\Downloads\pipeline\templates\LunaCompiler\Scripts\bin\Debug\UnityEngine.dll".

  Copying file from "C:\Users\Play Spare\Downloads\pipeline\templates\LunaCompiler\packages\com.unity.ui\1.2.1\UnityEngine.UI.dll" to "C:\Users\Play Spare\Downloads\pipeline\templates\LunaCompiler\Scripts\bin\Debug\UnityEngine.UI.dll".

  Copying file from "C:\Users\Play Spare\Downloads\pipeline\templates\LunaCompiler\packages\com.unity.urp\7.6\UnityEngine.UniversalRenderPipeline.dll" to "C:\Users\Play Spare\Downloads\pipeline\templates\LunaCompiler\Scripts\bin\Debug\UnityEngine.UniversalRenderPipeline.dll".

  Copying file from "C:\Users\Play Spare\Downloads\pipeline\templates\LunaCompiler\packages\Bridge.Core.17.9.40-luna\lib\net40\Bridge.xml" to "C:\Users\Play Spare\Downloads\pipeline\templates\LunaCompiler\Scripts\bin\Debug\Bridge.xml".

  Copying file from "C:\Users\Play Spare\Downloads\pipeline\templates\LunaCompiler\packages\Bridge.Html5.17.9.0\lib\net40\Bridge.Html5.xml" to "C:\Users\Play Spare\Downloads\pipeline\templates\LunaCompiler\Scripts\bin\Debug\Bridge.Html5.xml".

  Copying file from "C:\Users\Play Spare\Downloads\pipeline\templates\LunaCompiler\packages\Bridge.WebGL.1.22.0\lib\net40\Bridge.WebGL.xml" to "C:\Users\Play Spare\Downloads\pipeline\templates\LunaCompiler\Scripts\bin\Debug\Bridge.WebGL.xml".

  Copying file from "C:\Users\Play Spare\Downloads\pipeline\templates\LunaCompiler\packages\Bridge.Newtonsoft.Json.1.16.0\lib\net40\Newtonsoft.Json.xml" to "C:\Users\Play Spare\Downloads\pipeline\templates\LunaCompiler\Scripts\bin\Debug\Newtonsoft.Json.xml".

  Copying file from "C:\Users\Play Spare\Downloads\pipeline\templates\LunaCompiler\packages\Retyped.Core.1.6.6733\lib\net40\Retyped.Core.xml" to "C:\Users\Play Spare\Downloads\pipeline\templates\LunaCompiler\Scripts\bin\Debug\Retyped.Core.xml".

  Copying file from "C:\Users\Play Spare\Downloads\pipeline\templates\LunaCompiler\packages\Retyped.dom.2.8.6733\lib\net40\Retyped.dom.xml" to "C:\Users\Play Spare\Downloads\pipeline\templates\LunaCompiler\Scripts\bin\Debug\Retyped.dom.xml".

  Copying file from "C:\Users\Play Spare\Downloads\pipeline\templates\LunaCompiler\packages\Retyped.es5.2.8.6733\lib\net40\Retyped.es5.xml" to "C:\Users\Play Spare\Downloads\pipeline\templates\LunaCompiler\Scripts\bin\Debug\Retyped.es5.xml".

  Copying file from "C:\Users\Play Spare\Downloads\pipeline\templates\LunaCompiler\packages\Retyped.scripthost.2.8.6733\lib\net40\Retyped.scripthost.xml" to "C:\Users\Play Spare\Downloads\pipeline\templates\LunaCompiler\Scripts\bin\Debug\Retyped.scripthost.xml".

  Creating "C:\Users\Play Spare\Downloads\pipeline\templates\LunaCompiler\Scripts\obj\Debug\Scripts.csproj.CopyComplete" because "AlwaysCreate" was specified.

CopyFilesToOutputDirectory:
  Copying file from "C:\Users\Play Spare\Downloads\pipeline\templates\LunaCompiler\Scripts\obj\Debug\UnityScriptsCompiler.dll" to "C:\Users\Play Spare\Downloads\pipeline\templates\LunaCompiler\Scripts\bin\Debug\UnityScriptsCompiler.dll".

  Scripts -> C:\Users\Play Spare\Downloads\pipeline\templates\LunaCompiler\Scripts\bin\Debug\UnityScriptsCompiler.dll

  Copying file from "C:\Users\Play Spare\Downloads\pipeline\templates\LunaCompiler\Scripts\obj\Debug\UnityScriptsCompiler.pdb" to "C:\Users\Play Spare\Downloads\pipeline\templates\LunaCompiler\Scripts\bin\Debug\UnityScriptsCompiler.pdb".

BridgeNetCompilerTask:
  Bridge started

      To enable detailed logging, configure "logging" in bridge.json.

      https://github.com/bridgedotnet/Bridge/wiki/global-configuration#logging

  Bridge done

Done Building Project "C:\Users\Play Spare\Downloads\pipeline\templates\LunaCompiler\Scripts\Scripts.csproj" (Rebuild target(s)).



Build succeeded.



"C:\Users\Play Spare\Downloads\pipeline\templates\LunaCompiler\Scripts\Scripts.csproj" (Rebuild target) (1) ->
(CoreCompile target) -> 
  D:\Backups\unity-chain-cube\Assets\_Code\Manager\playableScript\CubePropertyhandler.cs(20,21): warning CS0649: Field 'CubePropertyhandler.cubeColor' is never assigned to, and will always have its default value null [C:\Users\Play Spare\Downloads\pipeline\templates\LunaCompiler\Scripts\Scripts.csproj]
  D:\Backups\unity-chain-cube\Assets\_Code\Manager\CubeProperty.cs(19,21): warning CS0649: Field 'CubeProperty.cubeColor' is never assigned to, and will always have its default value null [C:\Users\Play Spare\Downloads\pipeline\templates\LunaCompiler\Scripts\Scripts.csproj]

  D:\Backups\unity-chain-cube\Assets\_Code\Manager\CubeProperty.cs(11,17): warning CS0649: Field 'CubeProperty.numLimit' is never assigned to, and will always have its default value 0 [C:\Users\Play Spare\Downloads\pipeline\templates\LunaCompiler\Scripts\Scripts.csproj]
  D:\Backups\unity-chain-cube\Assets\_Code\Manager\playableScript\PlayableManager.cs(17,35): warning CS0649: Field 'PlayableManager.startTitleText' is never assigned to, and will always have its default value null [C:\Users\Play Spare\Downloads\pipeline\templates\LunaCompiler\Scripts\Scripts.csproj]
  D:\Backups\unity-chain-cube\Assets\_Code\Manager\playableScript\CubePropertyhandler.cs(15,31): warning CS0649: Field 'CubePropertyhandler.cubeText' is never assigned to, and will always have its default value null [C:\Users\Play Spare\Downloads\pipeline\templates\LunaCompiler\Scripts\Scripts.csproj]
  D:\Backups\unity-chain-cube\Assets\_Code\Controller\CubeHandler.cs(9,24): warning CS0649: Field 'CubeHandler.cube' is never assigned to, and will always have its default value null [C:\Users\Play Spare\Downloads\pipeline\templates\LunaCompiler\Scripts\Scripts.csproj]
  D:\Backups\unity-chain-cube\Assets\_Code\Manager\playableScript\PlayableManager.cs(20,35): warning CS0169: The field 'PlayableManager.installButtonText' is never used [C:\Users\Play Spare\Downloads\pipeline\templates\LunaCompiler\Scripts\Scripts.csproj]
  D:\Backups\unity-chain-cube\Assets\_Code\Controller\CubeHandler.cs(12,23): warning CS0649: Field 'CubeHandler.spawnPosition' is never assigned to, and will always have its default value null [C:\Users\Play Spare\Downloads\pipeline\templates\LunaCompiler\Scripts\Scripts.csproj]
  D:\Backups\unity-chain-cube\Assets\_Code\Manager\playableScript\PlayableManager.cs(12,41): warning CS0649: Field 'PlayableManager.startPanel' is never assigned to, and will always have its default value null [C:\Users\Play Spare\Downloads\pipeline\templates\LunaCompiler\Scripts\Scripts.csproj]
  D:\Backups\unity-chain-cube\Assets\_Code\Manager\playableScript\PlayableManager.cs(13,41): warning CS0649: Field 'PlayableManager.endPanel' is never assigned to, and will always have its default value null [C:\Users\Play Spare\Downloads\pipeline\templates\LunaCompiler\Scripts\Scripts.csproj]
  D:\Backups\unity-chain-cube\Assets\_Code\Manager\CubeProperty.cs(14,31): warning CS0649: Field 'CubeProperty.cubeText' is never assigned to, and will always have its default value null [C:\Users\Play Spare\Downloads\pipeline\templates\LunaCompiler\Scripts\Scripts.csproj]
  D:\Backups\unity-chain-cube\Assets\_Code\Manager\playableScript\PlayableManager.cs(18,35): warning CS0649: Field 'PlayableManager.endTitleText' is never assigned to, and will always have its default value null [C:\Users\Play Spare\Downloads\pipeline\templates\LunaCompiler\Scripts\Scripts.csproj]
  D:\Backups\unity-chain-cube\Assets\_Code\Manager\playableScript\PlayableManager.cs(19,37): warning CS0169: The field 'PlayableManager.installButton' is never used [C:\Users\Play Spare\Downloads\pipeline\templates\LunaCompiler\Scripts\Scripts.csproj]
  D:\Backups\unity-chain-cube\Assets\_Code\Manager\playableScript\CubePropertyhandler.cs(12,17): warning CS0649: Field 'CubePropertyhandler.numLimit' is never assigned to, and will always have its default value 0 [C:\Users\Play Spare\Downloads\pipeline\templates\LunaCompiler\Scripts\Scripts.csproj]


    14 Warning(s)
    0 Error(s)


Time Elapsed 00:00:08.49

Source code compiled successfully!
Diagnostics gathered successfully
[ Stage3 ] Code compiled and bundled successfully.
[ Stage4 ] Target platform: playground
[ Stage4 ] Package bundled successfully
[ Stage4 ] Package uploaded successfully
